[  3627.988] 
X.Org X Server 1.19.2
Release Date: 2017-03-02
[  3627.989] X Protocol Version 11, Revision 0
[  3627.989] Build Operating System: Linux 4.9.41-v7+ armv7l Raspbian
[  3627.989] Current Operating System: Linux raspberrypi 4.14.71-v7+ #1145 SMP Fri Sep 21 15:38:35 BST 2018 armv7l
[  3627.989] Kernel command line: 8250.nr_uarts=0 bcm2708_fb.fbwidth=656 bcm2708_fb.fbheight=416 bcm2708_fb.fbswap=1 vc_mem.mem_base=0x3ec00000 vc_mem.mem_size=0x40000000  dwc_otg.lpm_enable=0 console=ttyS0,115200 console=tty1 root=PARTUUID=38597d4f-02 rootfstype=ext4 elevator=deadline fsck.repair=yes rootwait quiet splash plymouth.ignore-serial-consoles
[  3627.989] Build Date: 18 October 2017  04:55:30PM
[  3627.989] xorg-server 2:1.19.2-1+rpt1+deb9u2 (https://www.debian.org/support) 
[  3627.989] Current version of pixman: 0.34.0
[  3627.989] 	Before reporting problems, check http://wiki.x.org
	to make sure that you have the latest version.
[  3627.990] Markers: (--) probed, (**) from config file, (==) default setting,
	(++) from command line, (!!) notice, (II) informational,
	(WW) warning, (EE) error, (NI) not implemented, (??) unknown.
[  3627.990] (==) Log file: "/home/adocuss/.local/share/xorg/Xorg.1.log", Time: Thu Nov  8 17:36:35 2018
[  3627.991] (==) Using system config directory "/usr/share/X11/xorg.conf.d"
[  3627.992] (==) No Layout section.  Using the first Screen section.
[  3627.992] (==) No screen section available. Using defaults.
[  3627.992] (**) |-->Screen "Default Screen Section" (0)
[  3627.992] (**) |   |-->Monitor "<default monitor>"
[  3627.993] (==) No device specified for screen "Default Screen Section".
	Using the first device section listed.
[  3627.993] (**) |   |-->Device "Allwinner A10/A13 FBDEV"
[  3627.993] (==) No monitor specified for screen "Default Screen Section".
	Using a default monitor configuration.
[  3627.993] (==) Automatically adding devices
[  3627.993] (==) Automatically enabling devices
[  3627.993] (==) Automatically adding GPU devices
[  3627.993] (==) Max clients allowed: 256, resource mask: 0x1fffff
[  3627.993] (WW) The directory "/usr/share/fonts/X11/misc" does not exist.
[  3627.993] 	Entry deleted from font path.
[  3627.993] (WW) The directory "/usr/share/fonts/X11/cyrillic" does not exist.
[  3627.993] 	Entry deleted from font path.
[  3627.993] (WW) The directory "/usr/share/fonts/X11/100dpi/" does not exist.
[  3627.993] 	Entry deleted from font path.
[  3627.993] (WW) The directory "/usr/share/fonts/X11/75dpi/" does not exist.
[  3627.994] 	Entry deleted from font path.
[  3627.994] (WW) The directory "/usr/share/fonts/X11/Type1" does not exist.
[  3627.994] 	Entry deleted from font path.
[  3627.994] (WW) The directory "/usr/share/fonts/X11/100dpi" does not exist.
[  3627.994] 	Entry deleted from font path.
[  3627.994] (WW) The directory "/usr/share/fonts/X11/75dpi" does not exist.
[  3627.994] 	Entry deleted from font path.
[  3627.994] (==) FontPath set to:
	built-ins
[  3627.994] (==) ModulePath set to "/usr/lib/xorg/modules"
[  3627.994] (II) The server relies on udev to provide the list of input devices.
	If no devices become available, reconfigure udev or disable AutoAddDevices.
[  3627.994] (II) Loader magic: 0x1fbf40
[  3627.994] (II) Module ABI versions:
[  3627.994] 	X.Org ANSI C Emulation: 0.4
[  3627.994] 	X.Org Video Driver: 23.0
[  3627.994] 	X.Org XInput driver : 24.1
[  3627.994] 	X.Org Server Extension : 10.0
[  3628.007] (II) systemd-logind: took control of session /org/freedesktop/login1/session/c14
[  3628.007] (II) no primary bus or device found
[  3628.007] (II) LoadModule: "glx"
[  3628.008] (II) Loading /usr/lib/xorg/modules/extensions/libglx.so
[  3628.014] (II) Module glx: vendor="X.Org Foundation"
[  3628.014] 	compiled for 1.19.2, module version = 1.0.0
[  3628.014] 	ABI class: X.Org Server Extension, version 10.0
[  3628.014] (II) LoadModule: "fbturbo"
[  3628.014] (II) Loading /usr/lib/xorg/modules/drivers/fbturbo_drv.so
[  3628.015] (II) Module fbturbo: vendor="X.Org Foundation"
[  3628.015] 	compiled for 1.19.2, module version = 0.5.1
[  3628.015] 	Module class: X.Org Video Driver
[  3628.015] 	ABI class: X.Org Video Driver, version 23.0
[  3628.015] (II) FBTURBO: driver for framebuffer: fbturbo
[  3628.015] (EE) 
Fatal server error:
[  3628.015] (EE) parse_vt_settings: Cannot open /dev/tty0 (Permission denied)
[  3628.015] (EE) 
[  3628.015] (EE) 
Please consult the The X.Org Foundation support 
	 at http://wiki.x.org
 for help. 
[  3628.015] (EE) Please also check the log file at "/home/adocuss/.local/share/xorg/Xorg.1.log" for additional information.
[  3628.015] (EE) 
[  3628.015] (WW) xf86CloseConsole: KDSETMODE failed: Bad file descriptor
[  3628.015] (WW) xf86CloseConsole: VT_GETMODE failed: Bad file descriptor
[  3628.017] (EE) Server terminated with error (1). Closing log file.
